{"meta": {"format": 3, "version": "7.11.2", "timestamp": "2025-11-08T20:16:08.910943", "branch_coverage": false, "show_contexts": false}, "files": {"src/maze/__init__.py": {"executed_lines": [1, 8, 28, 32], "summary": {"covered_lines": 3, "num_statements": 5, "percent_covered": 60.0, "percent_covered_display": "60", "missing_lines": 2, "excluded_lines": 0}, "missing_lines": [34, 35], "excluded_lines": [], "functions": {"main": {"executed_lines": [], "summary": {"covered_lines": 0, "num_statements": 2, "percent_covered": 0.0, "percent_covered_display": "0", "missing_lines": 2, "excluded_lines": 0}, "missing_lines": [34, 35], "excluded_lines": []}, "": {"executed_lines": [1, 8, 28, 32], "summary": {"covered_lines": 3, "num_statements": 3, "percent_covered": 100.0, "percent_covered_display": "100", "missing_lines": 0, "excluded_lines": 0}, "missing_lines": [], "excluded_lines": []}}, "classes": {"": {"executed_lines": [1, 8, 28, 32], "summary": {"covered_lines": 3, "num_statements": 5, "percent_covered": 60.0, "percent_covered_display": "60", "missing_lines": 2, "excluded_lines": 0}, "missing_lines": [34, 35], "excluded_lines": []}}}, "src/maze/__version__.py": {"executed_lines": [], "summary": {"covered_lines": 0, "num_statements": 0, "percent_covered": 100.0, "percent_covered_display": "100", "missing_lines": 0, "excluded_lines": 0}, "missing_lines": [], "excluded_lines": [], "functions": {"": {"executed_lines": [], "summary": {"covered_lines": 0, "num_statements": 0, "percent_covered": 100.0, "percent_covered_display": "100", "missing_lines": 0, "excluded_lines": 0}, "missing_lines": [], "excluded_lines": []}}, "classes": {"": {"executed_lines": [], "summary": {"covered_lines": 0, "num_statements": 0, "percent_covered": 100.0, "percent_covered_display": "100", "missing_lines": 0, "excluded_lines": 0}, "missing_lines": [], "excluded_lines": []}}}, "src/maze/api/__init__.py": {"executed_lines": [], "summary": {"covered_lines": 0, "num_statements": 1, "percent_covered": 0.0, "percent_covered_display": "0", "missing_lines": 1, "excluded_lines": 0}, "missing_lines": [17], "excluded_lines": [], "functions": {"": {"executed_lines": [], "summary": {"covered_lines": 0, "num_statements": 1, "percent_covered": 0.0, "percent_covered_display": "0", "missing_lines": 1, "excluded_lines": 0}, "missing_lines": [17], "excluded_lines": []}}, "classes": {"": {"executed_lines": [], "summary": {"covered_lines": 0, "num_statements": 1, "percent_covered": 0.0, "percent_covered_display": "0", "missing_lines": 1, "excluded_lines": 0}, "missing_lines": [17], "excluded_lines": []}}}, "src/maze/core/__init__.py": {"executed_lines": [1, 23], "summary": {"covered_lines": 1, "num_statements": 1, "percent_covered": 100.0, "percent_covered_display": "100", "missing_lines": 0, "excluded_lines": 0}, "missing_lines": [], "excluded_lines": [], "functions": {"": {"executed_lines": [1, 23], "summary": {"covered_lines": 1, "num_statements": 1, "percent_covered": 100.0, "percent_covered_display": "100", "missing_lines": 0, "excluded_lines": 0}, "missing_lines": [], "excluded_lines": []}}, "classes": {"": {"executed_lines": [1, 23], "summary": {"covered_lines": 1, "num_statements": 1, "percent_covered": 100.0, "percent_covered_display": "100", "missing_lines": 0, "excluded_lines": 0}, "missing_lines": [], "excluded_lines": []}}}, "src/maze/core/constraints.py": {"executed_lines": [1, 8, 10, 11, 12, 13, 14, 15, 17, 20, 21, 22, 28, 29, 30, 32, 34, 35, 36, 37, 38, 40, 42, 45, 46, 47, 49, 53, 54, 57, 58, 60, 63, 64, 65, 68, 69, 70, 71, 72, 73, 75, 77, 87, 88, 95, 103, 104, 105, 107, 108, 120, 121, 130, 137, 141, 142, 143, 149, 150, 151, 153, 154, 155, 156, 157, 159, 165, 169, 170, 199, 200, 201, 208, 209, 210, 212, 213, 214, 215, 216, 218, 227, 234, 256, 280, 281, 282, 289, 290, 291, 292, 294, 295, 296, 297, 298, 299, 301, 308, 312, 314, 319, 323, 328, 329, 330, 337, 338, 339, 340, 342, 343, 344, 345, 346, 347, 349, 360, 364, 366, 367, 369, 375, 376, 377, 383, 385, 389, 395, 415, 420, 421, 422, 428, 429, 431, 436, 442, 447, 448, 449, 456, 457, 458, 459, 462, 463, 465, 467, 468, 469, 470, 471, 472, 473, 474, 482, 506, 528, 547, 554, 555, 556, 557, 558, 559, 560, 561, 563, 564, 574, 575, 576, 577, 579, 584, 595, 618, 623], "summary": {"covered_lines": 169, "num_statements": 269, "percent_covered": 62.825278810408925, "percent_covered_display": "63", "missing_lines": 100, "excluded_lines": 0}, "missing_lines": [48, 50, 118, 128, 132, 133, 134, 135, 138, 163, 167, 173, 195, 196, 225, 232, 241, 244, 245, 246, 249, 250, 252, 254, 258, 260, 263, 264, 267, 268, 271, 272, 277, 306, 310, 321, 325, 352, 353, 358, 362, 371, 372, 386, 387, 393, 398, 417, 432, 433, 434, 440, 444, 475, 476, 477, 478, 480, 489, 492, 500, 501, 502, 504, 514, 515, 518, 519, 522, 523, 524, 526, 530, 532, 533, 534, 535, 536, 537, 538, 539, 540, 541, 542, 543, 545, 581, 582, 586, 602, 604, 605, 607, 608, 610, 611, 613, 614, 616, 619], "excluded_lines": [], "functions": {"TokenMask.is_allowed": {"executed_lines": [34, 35, 36, 37, 38], "summary": {"covered_lines": 5, "num_statements": 5, "percent_covered": 100.0, "percent_covered_display": "100", "missing_lines": 0, "excluded_lines": 0}, "missing_lines": [], "excluded_lines": []}, "TokenMask.merge": {"executed_lines": [42, 45, 46, 47, 49, 53, 54, 57, 58, 60], "summary": {"covered_lines": 10, "num_statements": 12, "percent_covered": 83.33333333333333, "percent_covered_display": "83", "missing_lines": 2, "excluded_lines": 0}, "missing_lines": [48, 50], "excluded_lines": []}, "GenerationState.copy": {"executed_lines": [77], "summary": {"covered_lines": 1, "num_statements": 1, "percent_covered": 100.0, "percent_covered_display": "100", "missing_lines": 0, "excluded_lines": 0}, "missing_lines": [], "excluded_lines": []}, "Constraint.__init__": {"executed_lines": [103, 104, 105], "summary": {"covered_lines": 3, "num_statements": 3, "percent_covered": 100.0, "percent_covered_display": "100", "missing_lines": 0, "excluded_lines": 0}, "missing_lines": [], "excluded_lines": []}, "Constraint.evaluate": {"executed_lines": [], "summary": {"covered_lines": 0, "num_statements": 1, "percent_covered": 0.0, "percent_covered_display": "0", "missing_lines": 1, "excluded_lines": 0}, "missing_lines": [118], "excluded_lines": []}, "Constraint.to_grammar": {"executed_lines": [], "summary": {"covered_lines": 0, "num_statements": 1, "percent_covered": 0.0, "percent_covered_display": "0", "missing_lines": 1, "excluded_lines": 0}, "missing_lines": [128], "excluded_lines": []}, "Constraint.cache_key": {"executed_lines": [], "summary": {"covered_lines": 0, "num_statements": 4, "percent_covered": 0.0, "percent_covered_display": "0", "missing_lines": 4, "excluded_lines": 0}, "missing_lines": [132, 133, 134, 135], "excluded_lines": []}, "Constraint.__str__": {"executed_lines": [], "summary": {"covered_lines": 0, "num_statements": 1, "percent_covered": 0.0, "percent_covered_display": "0", "missing_lines": 1, "excluded_lines": 0}, "missing_lines": [138], "excluded_lines": []}, "SyntacticConstraint.__init__": {"executed_lines": [154, 155, 156, 157], "summary": {"covered_lines": 4, "num_statements": 4, "percent_covered": 100.0, "percent_covered_display": "100", "missing_lines": 0, "excluded_lines": 0}, "missing_lines": [], "excluded_lines": []}, "SyntacticConstraint.evaluate": {"executed_lines": [], "summary": {"covered_lines": 0, "num_statements": 1, "percent_covered": 0.0, "percent_covered_display": "0", "missing_lines": 1, "excluded_lines": 0}, "missing_lines": [163], "excluded_lines": []}, "SyntacticConstraint.to_grammar": {"executed_lines": [], "summary": {"covered_lines": 0, "num_statements": 1, "percent_covered": 0.0, "percent_covered_display": "0", "missing_lines": 1, "excluded_lines": 0}, "missing_lines": [167], "excluded_lines": []}, "SyntacticConstraint.from_language": {"executed_lines": [], "summary": {"covered_lines": 0, "num_statements": 3, "percent_covered": 0.0, "percent_covered_display": "0", "missing_lines": 3, "excluded_lines": 0}, "missing_lines": [173, 195, 196], "excluded_lines": []}, "TypeConstraint.__init__": {"executed_lines": [213, 214, 215, 216], "summary": {"covered_lines": 4, "num_statements": 4, "percent_covered": 100.0, "percent_covered_display": "100", "missing_lines": 0, "excluded_lines": 0}, "missing_lines": [], "excluded_lines": []}, "TypeConstraint.evaluate": {"executed_lines": [], "summary": {"covered_lines": 0, "num_statements": 1, "percent_covered": 0.0, "percent_covered_display": "0", "missing_lines": 1, "excluded_lines": 0}, "missing_lines": [225], "excluded_lines": []}, "TypeConstraint.to_grammar": {"executed_lines": [], "summary": {"covered_lines": 0, "num_statements": 1, "percent_covered": 0.0, "percent_covered_display": "0", "missing_lines": 1, "excluded_lines": 0}, "missing_lines": [232], "excluded_lines": []}, "TypeConstraint.find_valid_expressions": {"executed_lines": [], "summary": {"covered_lines": 0, "num_statements": 8, "percent_covered": 0.0, "percent_covered_display": "0", "missing_lines": 8, "excluded_lines": 0}, "missing_lines": [241, 244, 245, 246, 249, 250, 252, 254], "excluded_lines": []}, "TypeConstraint.types_compatible": {"executed_lines": [], "summary": {"covered_lines": 0, "num_statements": 9, "percent_covered": 0.0, "percent_covered_display": "0", "missing_lines": 9, "excluded_lines": 0}, "missing_lines": [258, 260, 263, 264, 267, 268, 271, 272, 277], "excluded_lines": []}, "SemanticConstraint.__init__": {"executed_lines": [295, 296, 297, 298, 299], "summary": {"covered_lines": 5, "num_statements": 5, "percent_covered": 100.0, "percent_covered_display": "100", "missing_lines": 0, "excluded_lines": 0}, "missing_lines": [], "excluded_lines": []}, "SemanticConstraint.evaluate": {"executed_lines": [], "summary": {"covered_lines": 0, "num_statements": 1, "percent_covered": 0.0, "percent_covered_display": "0", "missing_lines": 1, "excluded_lines": 0}, "missing_lines": [306], "excluded_lines": []}, "SemanticConstraint.to_grammar": {"executed_lines": [], "summary": {"covered_lines": 0, "num_statements": 1, "percent_covered": 0.0, "percent_covered_display": "0", "missing_lines": 1, "excluded_lines": 0}, "missing_lines": [310], "excluded_lines": []}, "SemanticConstraint.add_test_case": {"executed_lines": [314], "summary": {"covered_lines": 1, "num_statements": 1, "percent_covered": 100.0, "percent_covered_display": "100", "missing_lines": 0, "excluded_lines": 0}, "missing_lines": [], "excluded_lines": []}, "SemanticConstraint.add_property": {"executed_lines": [], "summary": {"covered_lines": 0, "num_statements": 1, "percent_covered": 0.0, "percent_covered_display": "0", "missing_lines": 1, "excluded_lines": 0}, "missing_lines": [321], "excluded_lines": []}, "SemanticConstraint.add_invariant": {"executed_lines": [], "summary": {"covered_lines": 0, "num_statements": 1, "percent_covered": 0.0, "percent_covered_display": "0", "missing_lines": 1, "excluded_lines": 0}, "missing_lines": [325], "excluded_lines": []}, "ContextualConstraint.__init__": {"executed_lines": [343, 344, 345, 346, 347], "summary": {"covered_lines": 5, "num_statements": 5, "percent_covered": 100.0, "percent_covered_display": "100", "missing_lines": 0, "excluded_lines": 0}, "missing_lines": [], "excluded_lines": []}, "ContextualConstraint.evaluate": {"executed_lines": [], "summary": {"covered_lines": 0, "num_statements": 3, "percent_covered": 0.0, "percent_covered_display": "0", "missing_lines": 3, "excluded_lines": 0}, "missing_lines": [352, 353, 358], "excluded_lines": []}, "ContextualConstraint.to_grammar": {"executed_lines": [], "summary": {"covered_lines": 0, "num_statements": 1, "percent_covered": 0.0, "percent_covered_display": "0", "missing_lines": 1, "excluded_lines": 0}, "missing_lines": [362], "excluded_lines": []}, "ContextualConstraint.add_pattern": {"executed_lines": [366, 367], "summary": {"covered_lines": 2, "num_statements": 2, "percent_covered": 100.0, "percent_covered_display": "100", "missing_lines": 0, "excluded_lines": 0}, "missing_lines": [], "excluded_lines": []}, "ContextualConstraint.add_anti_pattern": {"executed_lines": [], "summary": {"covered_lines": 0, "num_statements": 2, "percent_covered": 0.0, "percent_covered_display": "0", "missing_lines": 2, "excluded_lines": 0}, "missing_lines": [371, 372], "excluded_lines": []}, "JSONSchemaConstraint.__init__": {"executed_lines": [], "summary": {"covered_lines": 0, "num_statements": 2, "percent_covered": 0.0, "percent_covered_display": "0", "missing_lines": 2, "excluded_lines": 0}, "missing_lines": [386, 387], "excluded_lines": []}, "JSONSchemaConstraint.evaluate": {"executed_lines": [], "summary": {"covered_lines": 0, "num_statements": 1, "percent_covered": 0.0, "percent_covered_display": "0", "missing_lines": 1, "excluded_lines": 0}, "missing_lines": [393], "excluded_lines": []}, "JSONSchemaConstraint.to_grammar": {"executed_lines": [], "summary": {"covered_lines": 0, "num_statements": 1, "percent_covered": 0.0, "percent_covered_display": "0", "missing_lines": 1, "excluded_lines": 0}, "missing_lines": [398], "excluded_lines": []}, "JSONSchemaConstraint.to_json_schema_string": {"executed_lines": [], "summary": {"covered_lines": 0, "num_statements": 1, "percent_covered": 0.0, "percent_covered_display": "0", "missing_lines": 1, "excluded_lines": 0}, "missing_lines": [417], "excluded_lines": []}, "RegexConstraint.__init__": {"executed_lines": [], "summary": {"covered_lines": 0, "num_statements": 3, "percent_covered": 0.0, "percent_covered_display": "0", "missing_lines": 3, "excluded_lines": 0}, "missing_lines": [432, 433, 434], "excluded_lines": []}, "RegexConstraint.evaluate": {"executed_lines": [], "summary": {"covered_lines": 0, "num_statements": 1, "percent_covered": 0.0, "percent_covered_display": "0", "missing_lines": 1, "excluded_lines": 0}, "missing_lines": [440], "excluded_lines": []}, "RegexConstraint.to_grammar": {"executed_lines": [], "summary": {"covered_lines": 0, "num_statements": 1, "percent_covered": 0.0, "percent_covered_display": "0", "missing_lines": 1, "excluded_lines": 0}, "missing_lines": [444], "excluded_lines": []}, "ConstraintSet.add": {"executed_lines": [467, 468, 469, 470, 471, 472, 473, 474], "summary": {"covered_lines": 8, "num_statements": 13, "percent_covered": 61.53846153846154, "percent_covered_display": "62", "missing_lines": 5, "excluded_lines": 0}, "missing_lines": [475, 476, 477, 478, 480], "excluded_lines": []}, "ConstraintSet.evaluate": {"executed_lines": [], "summary": {"covered_lines": 0, "num_statements": 6, "percent_covered": 0.0, "percent_covered_display": "0", "missing_lines": 6, "excluded_lines": 0}, "missing_lines": [489, 492, 500, 501, 502, 504], "excluded_lines": []}, "ConstraintSet.to_grammar": {"executed_lines": [], "summary": {"covered_lines": 0, "num_statements": 8, "percent_covered": 0.0, "percent_covered_display": "0", "missing_lines": 8, "excluded_lines": 0}, "missing_lines": [514, 515, 518, 519, 522, 523, 524, 526], "excluded_lines": []}, "ConstraintSet.to_pattern": {"executed_lines": [], "summary": {"covered_lines": 0, "num_statements": 14, "percent_covered": 0.0, "percent_covered_display": "0", "missing_lines": 14, "excluded_lines": 0}, "missing_lines": [530, 532, 533, 534, 535, 536, 537, 538, 539, 540, 541, 542, 543, 545], "excluded_lines": []}, "ConstraintSet.get_all": {"executed_lines": [554, 555, 556, 557, 558, 559, 560, 561], "summary": {"covered_lines": 8, "num_statements": 8, "percent_covered": 100.0, "percent_covered_display": "100", "missing_lines": 0, "excluded_lines": 0}, "missing_lines": [], "excluded_lines": []}, "ConstraintSet.from_list": {"executed_lines": [574, 575, 576, 577], "summary": {"covered_lines": 4, "num_statements": 4, "percent_covered": 100.0, "percent_covered_display": "100", "missing_lines": 0, "excluded_lines": 0}, "missing_lines": [], "excluded_lines": []}, "ConstraintSet.cache_key": {"executed_lines": [], "summary": {"covered_lines": 0, "num_statements": 2, "percent_covered": 0.0, "percent_covered_display": "0", "missing_lines": 2, "excluded_lines": 0}, "missing_lines": [581, 582], "excluded_lines": []}, "ConstraintSet.copy": {"executed_lines": [], "summary": {"covered_lines": 0, "num_statements": 1, "percent_covered": 0.0, "percent_covered_display": "0", "missing_lines": 1, "excluded_lines": 0}, "missing_lines": [586], "excluded_lines": []}, "ConstraintSet.diff": {"executed_lines": [], "summary": {"covered_lines": 0, "num_statements": 10, "percent_covered": 0.0, "percent_covered_display": "0", "missing_lines": 10, "excluded_lines": 0}, "missing_lines": [602, 604, 605, 607, 608, 610, 611, 613, 614, 616], "excluded_lines": []}, "ConstraintSet.__str__": {"executed_lines": [], "summary": {"covered_lines": 0, "num_statements": 1, "percent_covered": 0.0, "percent_covered_display": "0", "missing_lines": 1, "excluded_lines": 0}, "missing_lines": [619], "excluded_lines": []}, "": {"executed_lines": [1, 8, 10, 11, 12, 13, 14, 15, 17, 20, 21, 22, 28, 29, 30, 32, 40, 63, 64, 65, 68, 69, 70, 71, 72, 73, 75, 87, 88, 95, 107, 108, 120, 121, 130, 137, 141, 142, 143, 149, 150, 151, 153, 159, 165, 169, 170, 199, 200, 201, 208, 209, 210, 212, 218, 227, 234, 256, 280, 281, 282, 289, 290, 291, 292, 294, 301, 308, 312, 319, 323, 328, 329, 330, 337, 338, 339, 340, 342, 349, 360, 364, 369, 375, 376, 377, 383, 385, 389, 395, 415, 420, 421, 422, 428, 429, 431, 436, 442, 447, 448, 449, 456, 457, 458, 459, 462, 463, 465, 482, 506, 528, 547, 563, 564, 579, 584, 595, 618, 623], "summary": {"covered_lines": 109, "num_statements": 109, "percent_covered": 100.0, "percent_covered_display": "100", "missing_lines": 0, "excluded_lines": 0}, "missing_lines": [], "excluded_lines": []}}, "classes": {"TokenMask": {"executed_lines": [34, 35, 36, 37, 38, 42, 45, 46, 47, 49, 53, 54, 57, 58, 60], "summary": {"covered_lines": 15, "num_statements": 17, "percent_covered": 88.23529411764706, "percent_covered_display": "88", "missing_lines": 2, "excluded_lines": 0}, "missing_lines": [48, 50], "excluded_lines": []}, "GenerationState": {"executed_lines": [77], "summary": {"covered_lines": 1, "num_statements": 1, "percent_covered": 100.0, "percent_covered_display": "100", "missing_lines": 0, "excluded_lines": 0}, "missing_lines": [], "excluded_lines": []}, "Constraint": {"executed_lines": [103, 104, 105], "summary": {"covered_lines": 3, "num_statements": 10, "percent_covered": 30.0, "percent_covered_display": "30", "missing_lines": 7, "excluded_lines": 0}, "missing_lines": [118, 128, 132, 133, 134, 135, 138], "excluded_lines": []}, "SyntacticConstraint": {"executed_lines": [154, 155, 156, 157], "summary": {"covered_lines": 4, "num_statements": 9, "percent_covered": 44.44444444444444, "percent_covered_display": "44", "missing_lines": 5, "excluded_lines": 0}, "missing_lines": [163, 167, 173, 195, 196], "excluded_lines": []}, "TypeConstraint": {"executed_lines": [213, 214, 215, 216], "summary": {"covered_lines": 4, "num_statements": 23, "percent_covered": 17.391304347826086, "percent_covered_display": "17", "missing_lines": 19, "excluded_lines": 0}, "missing_lines": [225, 232, 241, 244, 245, 246, 249, 250, 252, 254, 258, 260, 263, 264, 267, 268, 271, 272, 277], "excluded_lines": []}, "SemanticConstraint": {"executed_lines": [295, 296, 297, 298, 299, 314], "summary": {"covered_lines": 6, "num_statements": 10, "percent_covered": 60.0, "percent_covered_display": "60", "missing_lines": 4, "excluded_lines": 0}, "missing_lines": [306, 310, 321, 325], "excluded_lines": []}, "ContextualConstraint": {"executed_lines": [343, 344, 345, 346, 347, 366, 367], "summary": {"covered_lines": 7, "num_statements": 13, "percent_covered": 53.84615384615385, "percent_covered_display": "54", "missing_lines": 6, "excluded_lines": 0}, "missing_lines": [352, 353, 358, 362, 371, 372], "excluded_lines": []}, "JSONSchemaConstraint": {"executed_lines": [], "summary": {"covered_lines": 0, "num_statements": 5, "percent_covered": 0.0, "percent_covered_display": "0", "missing_lines": 5, "excluded_lines": 0}, "missing_lines": [386, 387, 393, 398, 417], "excluded_lines": []}, "RegexConstraint": {"executed_lines": [], "summary": {"covered_lines": 0, "num_statements": 5, "percent_covered": 0.0, "percent_covered_display": "0", "missing_lines": 5, "excluded_lines": 0}, "missing_lines": [432, 433, 434, 440, 444], "excluded_lines": []}, "ConstraintSet": {"executed_lines": [467, 468, 469, 470, 471, 472, 473, 474, 554, 555, 556, 557, 558, 559, 560, 561, 574, 575, 576, 577], "summary": {"covered_lines": 20, "num_statements": 67, "percent_covered": 29.850746268656717, "percent_covered_display": "30", "missing_lines": 47, "excluded_lines": 0}, "missing_lines": [475, 476, 477, 478, 480, 489, 492, 500, 501, 502, 504, 514, 515, 518, 519, 522, 523, 524, 526, 530, 532, 533, 534, 535, 536, 537, 538, 539, 540, 541, 542, 543, 545, 581, 582, 586, 602, 604, 605, 607, 608, 610, 611, 613, 614, 616, 619], "excluded_lines": []}, "": {"executed_lines": [1, 8, 10, 11, 12, 13, 14, 15, 17, 20, 21, 22, 28, 29, 30, 32, 40, 63, 64, 65, 68, 69, 70, 71, 72, 73, 75, 87, 88, 95, 107, 108, 120, 121, 130, 137, 141, 142, 143, 149, 150, 151, 153, 159, 165, 169, 170, 199, 200, 201, 208, 209, 210, 212, 218, 227, 234, 256, 280, 281, 282, 289, 290, 291, 292, 294, 301, 308, 312, 319, 323, 328, 329, 330, 337, 338, 339, 340, 342, 349, 360, 364, 369, 375, 376, 377, 383, 385, 389, 395, 415, 420, 421, 422, 428, 429, 431, 436, 442, 447, 448, 449, 456, 457, 458, 459, 462, 463, 465, 482, 506, 528, 547, 563, 564, 579, 584, 595, 618, 623], "summary": {"covered_lines": 109, "num_statements": 109, "percent_covered": 100.0, "percent_covered_display": "100", "missing_lines": 0, "excluded_lines": 0}, "missing_lines": [], "excluded_lines": []}}}, "src/maze/core/types.py": {"executed_lines": [1, 8, 10, 11, 15, 16, 17, 20, 21, 22, 31, 32, 33, 34, 36, 38, 40, 42, 43, 44, 46, 48, 49, 50, 52, 54, 56, 58, 60, 64, 66, 67, 69, 70, 71, 77, 87, 88, 89, 90, 91, 93, 100, 101, 102, 103, 104, 105, 106, 108, 109, 110, 111, 113, 116, 117, 118, 119, 120, 121, 122, 123, 124, 125, 127, 129, 130, 132, 133, 134, 137, 139, 140, 141, 142, 145, 147, 149, 153, 156, 157, 158, 164, 165, 166, 167, 168, 169, 172, 173, 174, 176, 178, 190, 192, 193, 194, 195, 196, 197, 198, 199, 201, 203, 204, 205, 206, 207, 209, 211, 213, 216, 217, 218, 219, 220, 221, 222, 223, 224, 225, 227, 235, 236, 237, 238, 239, 240, 241, 242, 244, 252, 253, 262, 263, 264, 265, 268, 269, 270, 276, 277, 278, 279, 280, 281, 284, 285, 286, 288, 290, 296, 314, 315, 316, 322, 323, 324, 325, 326, 327, 328, 329, 330, 331, 332, 334, 336, 347, 348, 349, 350, 351, 352, 353, 354, 356, 358, 361, 362, 363, 366, 367, 368, 371, 372, 373, 374, 375, 376, 379, 380, 381, 384, 385, 388, 389, 390, 391, 393, 411, 412, 413, 416, 417, 420, 421, 422, 423, 426, 427, 428, 429, 432, 433, 436, 438, 440, 442, 444, 446, 447, 449, 451, 452, 453, 454, 455, 456, 457, 458, 459, 460, 461, 463, 466, 467, 468, 471, 472, 475, 476, 477, 480, 481, 482, 483, 486, 487, 490, 491, 492, 494, 500, 504, 519], "summary": {"covered_lines": 242, "num_statements": 277, "percent_covered": 87.36462093862816, "percent_covered_display": "87", "missing_lines": 35, "excluded_lines": 0}, "missing_lines": [62, 73, 94, 95, 96, 97, 112, 135, 143, 150, 151, 208, 210, 212, 229, 230, 231, 232, 246, 247, 248, 249, 298, 300, 301, 302, 303, 305, 311, 395, 496, 497, 498, 502, 506], "excluded_lines": [], "functions": {"Type.__hash__": {"executed_lines": [38], "summary": {"covered_lines": 1, "num_statements": 1, "percent_covered": 100.0, "percent_covered_display": "100", "missing_lines": 0, "excluded_lines": 0}, "missing_lines": [], "excluded_lines": []}, "Type.__str__": {"executed_lines": [42, 43, 44, 46, 48, 49, 50], "summary": {"covered_lines": 7, "num_statements": 7, "percent_covered": 100.0, "percent_covered_display": "100", "missing_lines": 0, "excluded_lines": 0}, "missing_lines": [], "excluded_lines": []}, "Type.is_primitive": {"executed_lines": [54], "summary": {"covered_lines": 1, "num_statements": 1, "percent_covered": 100.0, "percent_covered_display": "100", "missing_lines": 0, "excluded_lines": 0}, "missing_lines": [], "excluded_lines": []}, "Type.is_function": {"executed_lines": [58], "summary": {"covered_lines": 1, "num_statements": 1, "percent_covered": 100.0, "percent_covered_display": "100", "missing_lines": 0, "excluded_lines": 0}, "missing_lines": [], "excluded_lines": []}, "Type.is_generic": {"executed_lines": [], "summary": {"covered_lines": 0, "num_statements": 1, "percent_covered": 0.0, "percent_covered_display": "0", "missing_lines": 1, "excluded_lines": 0}, "missing_lines": [62], "excluded_lines": []}, "Type.substitute": {"executed_lines": [66, 67, 69, 70, 71], "summary": {"covered_lines": 5, "num_statements": 6, "percent_covered": 83.33333333333333, "percent_covered_display": "83", "missing_lines": 1, "excluded_lines": 0}, "missing_lines": [73], "excluded_lines": []}, "TypeVariable.__str__": {"executed_lines": [], "summary": {"covered_lines": 0, "num_statements": 4, "percent_covered": 0.0, "percent_covered_display": "0", "missing_lines": 4, "excluded_lines": 0}, "missing_lines": [94, 95, 96, 97], "excluded_lines": []}, "TypeParameter.__str__": {"executed_lines": [109, 110, 111, 113], "summary": {"covered_lines": 4, "num_statements": 5, "percent_covered": 80.0, "percent_covered_display": "80", "missing_lines": 1, "excluded_lines": 0}, "missing_lines": [112], "excluded_lines": []}, "FunctionSignature.to_type": {"executed_lines": [129, 130], "summary": {"covered_lines": 2, "num_statements": 2, "percent_covered": 100.0, "percent_covered_display": "100", "missing_lines": 0, "excluded_lines": 0}, "missing_lines": [], "excluded_lines": []}, "FunctionSignature.__str__": {"executed_lines": [133, 134, 137, 139, 140, 141, 142, 145, 147, 149, 153], "summary": {"covered_lines": 11, "num_statements": 15, "percent_covered": 73.33333333333333, "percent_covered_display": "73", "missing_lines": 4, "excluded_lines": 0}, "missing_lines": [135, 143, 150, 151], "excluded_lines": []}, "TypeContext.copy": {"executed_lines": [178], "summary": {"covered_lines": 1, "num_statements": 1, "percent_covered": 100.0, "percent_covered_display": "100", "missing_lines": 0, "excluded_lines": 0}, "missing_lines": [], "excluded_lines": []}, "TypeContext.merge": {"executed_lines": [192, 193, 194, 195, 196, 197, 198, 199], "summary": {"covered_lines": 8, "num_statements": 8, "percent_covered": 100.0, "percent_covered_display": "100", "missing_lines": 0, "excluded_lines": 0}, "missing_lines": [], "excluded_lines": []}, "TypeContext.lookup": {"executed_lines": [203, 204, 205, 206, 207, 209, 211, 213], "summary": {"covered_lines": 8, "num_statements": 11, "percent_covered": 72.72727272727273, "percent_covered_display": "73", "missing_lines": 3, "excluded_lines": 0}, "missing_lines": [208, 210, 212], "excluded_lines": []}, "ClassType.to_type": {"executed_lines": [], "summary": {"covered_lines": 0, "num_statements": 4, "percent_covered": 0.0, "percent_covered_display": "0", "missing_lines": 4, "excluded_lines": 0}, "missing_lines": [229, 230, 231, 232], "excluded_lines": []}, "InterfaceType.to_type": {"executed_lines": [], "summary": {"covered_lines": 0, "num_statements": 4, "percent_covered": 0.0, "percent_covered_display": "0", "missing_lines": 4, "excluded_lines": 0}, "missing_lines": [246, 247, 248, 249], "excluded_lines": []}, "IndexedContext.to_summary": {"executed_lines": [290], "summary": {"covered_lines": 1, "num_statements": 1, "percent_covered": 100.0, "percent_covered_display": "100", "missing_lines": 0, "excluded_lines": 0}, "missing_lines": [], "excluded_lines": []}, "IndexedContext.get_type_context": {"executed_lines": [], "summary": {"covered_lines": 0, "num_statements": 7, "percent_covered": 0.0, "percent_covered_display": "0", "missing_lines": 7, "excluded_lines": 0}, "missing_lines": [298, 300, 301, 302, 303, 305, 311], "excluded_lines": []}, "Diagnostic.to_dict": {"executed_lines": [336], "summary": {"covered_lines": 1, "num_statements": 1, "percent_covered": 100.0, "percent_covered_display": "100", "missing_lines": 0, "excluded_lines": 0}, "missing_lines": [], "excluded_lines": []}, "Diagnostic.__str__": {"executed_lines": [348, 349, 350, 351, 352, 353, 354, 356, 358], "summary": {"covered_lines": 9, "num_statements": 9, "percent_covered": 100.0, "percent_covered_display": "100", "missing_lines": 0, "excluded_lines": 0}, "missing_lines": [], "excluded_lines": []}, "GenerationResult.to_dict": {"executed_lines": [], "summary": {"covered_lines": 0, "num_statements": 1, "percent_covered": 0.0, "percent_covered_display": "0", "missing_lines": 1, "excluded_lines": 0}, "missing_lines": [395], "excluded_lines": []}, "ValidationResult.get_errors": {"executed_lines": [440], "summary": {"covered_lines": 1, "num_statements": 1, "percent_covered": 100.0, "percent_covered_display": "100", "missing_lines": 0, "excluded_lines": 0}, "missing_lines": [], "excluded_lines": []}, "ValidationResult.get_warnings": {"executed_lines": [444], "summary": {"covered_lines": 1, "num_statements": 1, "percent_covered": 100.0, "percent_covered_display": "100", "missing_lines": 0, "excluded_lines": 0}, "missing_lines": [], "excluded_lines": []}, "ValidationResult.combine": {"executed_lines": [449, 451, 452, 453, 454, 455, 456, 457, 458, 459, 460, 461, 463], "summary": {"covered_lines": 13, "num_statements": 13, "percent_covered": 100.0, "percent_covered_display": "100", "missing_lines": 0, "excluded_lines": 0}, "missing_lines": [], "excluded_lines": []}, "GenerationProvenance.add_generation": {"executed_lines": [], "summary": {"covered_lines": 0, "num_statements": 3, "percent_covered": 0.0, "percent_covered_display": "0", "missing_lines": 3, "excluded_lines": 0}, "missing_lines": [496, 497, 498], "excluded_lines": []}, "GenerationProvenance.add_validation": {"executed_lines": [], "summary": {"covered_lines": 0, "num_statements": 1, "percent_covered": 0.0, "percent_covered_display": "0", "missing_lines": 1, "excluded_lines": 0}, "missing_lines": [502], "excluded_lines": []}, "GenerationProvenance.to_dict": {"executed_lines": [], "summary": {"covered_lines": 0, "num_statements": 1, "percent_covered": 0.0, "percent_covered_display": "0", "missing_lines": 1, "excluded_lines": 0}, "missing_lines": [506], "excluded_lines": []}, "": {"executed_lines": [1, 8, 10, 11, 15, 16, 17, 20, 21, 22, 31, 32, 33, 34, 36, 40, 52, 56, 60, 64, 77, 87, 88, 89, 90, 91, 93, 100, 101, 102, 103, 104, 105, 106, 108, 116, 117, 118, 119, 120, 121, 122, 123, 124, 125, 127, 132, 156, 157, 158, 164, 165, 166, 167, 168, 169, 172, 173, 174, 176, 190, 201, 216, 217, 218, 219, 220, 221, 222, 223, 224, 225, 227, 235, 236, 237, 238, 239, 240, 241, 242, 244, 252, 253, 262, 263, 264, 265, 268, 269, 270, 276, 277, 278, 279, 280, 281, 284, 285, 286, 288, 296, 314, 315, 316, 322, 323, 324, 325, 326, 327, 328, 329, 330, 331, 332, 334, 347, 361, 362, 363, 366, 367, 368, 371, 372, 373, 374, 375, 376, 379, 380, 381, 384, 385, 388, 389, 390, 391, 393, 411, 412, 413, 416, 417, 420, 421, 422, 423, 426, 427, 428, 429, 432, 433, 436, 438, 442, 446, 447, 466, 467, 468, 471, 472, 475, 476, 477, 480, 481, 482, 483, 486, 487, 490, 491, 492, 494, 500, 504, 519], "summary": {"covered_lines": 167, "num_statements": 167, "percent_covered": 100.0, "percent_covered_display": "100", "missing_lines": 0, "excluded_lines": 0}, "missing_lines": [], "excluded_lines": []}}, "classes": {"Type": {"executed_lines": [38, 42, 43, 44, 46, 48, 49, 50, 54, 58, 66, 67, 69, 70, 71], "summary": {"covered_lines": 15, "num_statements": 17, "percent_covered": 88.23529411764706, "percent_covered_display": "88", "missing_lines": 2, "excluded_lines": 0}, "missing_lines": [62, 73], "excluded_lines": []}, "TypeVariable": {"executed_lines": [], "summary": {"covered_lines": 0, "num_statements": 4, "percent_covered": 0.0, "percent_covered_display": "0", "missing_lines": 4, "excluded_lines": 0}, "missing_lines": [94, 95, 96, 97], "excluded_lines": []}, "TypeParameter": {"executed_lines": [109, 110, 111, 113], "summary": {"covered_lines": 4, "num_statements": 5, "percent_covered": 80.0, "percent_covered_display": "80", "missing_lines": 1, "excluded_lines": 0}, "missing_lines": [112], "excluded_lines": []}, "FunctionSignature": {"executed_lines": [129, 130, 133, 134, 137, 139, 140, 141, 142, 145, 147, 149, 153], "summary": {"covered_lines": 13, "num_statements": 17, "percent_covered": 76.47058823529412, "percent_covered_display": "76", "missing_lines": 4, "excluded_lines": 0}, "missing_lines": [135, 143, 150, 151], "excluded_lines": []}, "TypeContext": {"executed_lines": [178, 192, 193, 194, 195, 196, 197, 198, 199, 203, 204, 205, 206, 207, 209, 211, 213], "summary": {"covered_lines": 17, "num_statements": 20, "percent_covered": 85.0, "percent_covered_display": "85", "missing_lines": 3, "excluded_lines": 0}, "missing_lines": [208, 210, 212], "excluded_lines": []}, "ClassType": {"executed_lines": [], "summary": {"covered_lines": 0, "num_statements": 4, "percent_covered": 0.0, "percent_covered_display": "0", "missing_lines": 4, "excluded_lines": 0}, "missing_lines": [229, 230, 231, 232], "excluded_lines": []}, "InterfaceType": {"executed_lines": [], "summary": {"covered_lines": 0, "num_statements": 4, "percent_covered": 0.0, "percent_covered_display": "0", "missing_lines": 4, "excluded_lines": 0}, "missing_lines": [246, 247, 248, 249], "excluded_lines": []}, "ConstraintLevel": {"executed_lines": [], "summary": {"covered_lines": 0, "num_statements": 0, "percent_covered": 100.0, "percent_covered_display": "100", "missing_lines": 0, "excluded_lines": 0}, "missing_lines": [], "excluded_lines": []}, "IndexedContext": {"executed_lines": [290], "summary": {"covered_lines": 1, "num_statements": 8, "percent_covered": 12.5, "percent_covered_display": "12", "missing_lines": 7, "excluded_lines": 0}, "missing_lines": [298, 300, 301, 302, 303, 305, 311], "excluded_lines": []}, "Diagnostic": {"executed_lines": [336, 348, 349, 350, 351, 352, 353, 354, 356, 358], "summary": {"covered_lines": 10, "num_statements": 10, "percent_covered": 100.0, "percent_covered_display": "100", "missing_lines": 0, "excluded_lines": 0}, "missing_lines": [], "excluded_lines": []}, "GenerationResult": {"executed_lines": [], "summary": {"covered_lines": 0, "num_statements": 1, "percent_covered": 0.0, "percent_covered_display": "0", "missing_lines": 1, "excluded_lines": 0}, "missing_lines": [395], "excluded_lines": []}, "ValidationResult": {"executed_lines": [440, 444, 449, 451, 452, 453, 454, 455, 456, 457, 458, 459, 460, 461, 463], "summary": {"covered_lines": 15, "num_statements": 15, "percent_covered": 100.0, "percent_covered_display": "100", "missing_lines": 0, "excluded_lines": 0}, "missing_lines": [], "excluded_lines": []}, "GenerationProvenance": {"executed_lines": [], "summary": {"covered_lines": 0, "num_statements": 5, "percent_covered": 0.0, "percent_covered_display": "0", "missing_lines": 5, "excluded_lines": 0}, "missing_lines": [496, 497, 498, 502, 506], "excluded_lines": []}, "": {"executed_lines": [1, 8, 10, 11, 15, 16, 17, 20, 21, 22, 31, 32, 33, 34, 36, 40, 52, 56, 60, 64, 77, 87, 88, 89, 90, 91, 93, 100, 101, 102, 103, 104, 105, 106, 108, 116, 117, 118, 119, 120, 121, 122, 123, 124, 125, 127, 132, 156, 157, 158, 164, 165, 166, 167, 168, 169, 172, 173, 174, 176, 190, 201, 216, 217, 218, 219, 220, 221, 222, 223, 224, 225, 227, 235, 236, 237, 238, 239, 240, 241, 242, 244, 252, 253, 262, 263, 264, 265, 268, 269, 270, 276, 277, 278, 279, 280, 281, 284, 285, 286, 288, 296, 314, 315, 316, 322, 323, 324, 325, 326, 327, 328, 329, 330, 331, 332, 334, 347, 361, 362, 363, 366, 367, 368, 371, 372, 373, 374, 375, 376, 379, 380, 381, 384, 385, 388, 389, 390, 391, 393, 411, 412, 413, 416, 417, 420, 421, 422, 423, 426, 427, 428, 429, 432, 433, 436, 438, 442, 446, 447, 466, 467, 468, 471, 472, 475, 476, 477, 480, 481, 482, 483, 486, 487, 490, 491, 492, 494, 500, 504, 519], "summary": {"covered_lines": 167, "num_statements": 167, "percent_covered": 100.0, "percent_covered_display": "100", "missing_lines": 0, "excluded_lines": 0}, "missing_lines": [], "excluded_lines": []}}}, "src/maze/indexer/__init__.py": {"executed_lines": [0], "summary": {"covered_lines": 0, "num_statements": 0, "percent_covered": 100.0, "percent_covered_display": "100", "missing_lines": 0, "excluded_lines": 0}, "missing_lines": [], "excluded_lines": [], "functions": {"": {"executed_lines": [], "summary": {"covered_lines": 0, "num_statements": 0, "percent_covered": 100.0, "percent_covered_display": "100", "missing_lines": 0, "excluded_lines": 0}, "missing_lines": [], "excluded_lines": []}}, "classes": {"": {"executed_lines": [], "summary": {"covered_lines": 0, "num_statements": 0, "percent_covered": 100.0, "percent_covered_display": "100", "missing_lines": 0, "excluded_lines": 0}, "missing_lines": [], "excluded_lines": []}}}, "src/maze/indexer/base.py": {"executed_lines": [1, 9, 11, 12, 13, 14, 15, 16, 17, 18, 20, 29, 32, 33, 34, 35, 36, 37, 38, 39, 40, 41, 42, 43, 44, 46, 64, 65, 66, 67, 68, 69, 70, 71, 72, 75, 76, 77, 78, 79, 80, 81, 82, 83, 86, 87, 88, 89, 90, 91, 92, 93, 94, 97, 98, 99, 100, 101, 102, 103, 104, 105, 106, 107, 108, 109, 111, 132, 165, 166, 173, 180, 181, 182, 183, 185, 186, 198, 199, 211, 212, 225, 226, 239, 240, 253, 297, 309, 310, 312, 314, 315, 316, 321, 322, 323, 324, 327, 328, 329, 331, 333, 336, 339, 341, 342, 343, 344, 347, 348, 350, 352, 362, 365, 368, 369, 373, 374, 378, 379, 382, 384, 408, 418, 419, 422, 423, 424, 425, 430, 480, 486], "summary": {"covered_lines": 125, "num_statements": 195, "percent_covered": 64.1025641025641, "percent_covered_display": "64", "missing_lines": 70, "excluded_lines": 0}, "missing_lines": [48, 113, 134, 137, 138, 139, 140, 141, 142, 143, 145, 146, 147, 154, 155, 156, 162, 196, 209, 223, 237, 251, 266, 267, 269, 270, 273, 275, 276, 282, 284, 285, 286, 287, 288, 295, 317, 318, 332, 334, 370, 375, 380, 395, 396, 398, 399, 400, 403, 404, 406, 420, 426, 427, 428, 440, 441, 453, 465, 466, 467, 468, 469, 470, 471, 472, 473, 476, 478, 482], "excluded_lines": [], "functions": {"Symbol.to_dict": {"executed_lines": [], "summary": {"covered_lines": 0, "num_statements": 1, "percent_covered": 0.0, "percent_covered_display": "0", "missing_lines": 1, "excluded_lines": 0}, "missing_lines": [48], "excluded_lines": []}, "IndexingResult.to_indexed_context": {"executed_lines": [], "summary": {"covered_lines": 0, "num_statements": 1, "percent_covered": 0.0, "percent_covered_display": "0", "missing_lines": 1, "excluded_lines": 0}, "missing_lines": [113], "excluded_lines": []}, "IndexingResult._extract_constraint_candidates": {"executed_lines": [], "summary": {"covered_lines": 0, "num_statements": 15, "percent_covered": 0.0, "percent_covered_display": "0", "missing_lines": 15, "excluded_lines": 0}, "missing_lines": [134, 137, 138, 139, 140, 141, 142, 143, 145, 146, 147, 154, 155, 156, 162], "excluded_lines": []}, "BaseIndexer.__init__": {"executed_lines": [180, 181, 182, 183], "summary": {"covered_lines": 4, "num_statements": 4, "percent_covered": 100.0, "percent_covered_display": "100", "missing_lines": 0, "excluded_lines": 0}, "missing_lines": [], "excluded_lines": []}, "BaseIndexer.index_file": {"executed_lines": [], "summary": {"covered_lines": 0, "num_statements": 1, "percent_covered": 0.0, "percent_covered_display": "0", "missing_lines": 1, "excluded_lines": 0}, "missing_lines": [196], "excluded_lines": []}, "BaseIndexer.index_directory": {"executed_lines": [], "summary": {"covered_lines": 0, "num_statements": 1, "percent_covered": 0.0, "percent_covered_display": "0", "missing_lines": 1, "excluded_lines": 0}, "missing_lines": [209], "excluded_lines": []}, "BaseIndexer.extract_symbols": {"executed_lines": [], "summary": {"covered_lines": 0, "num_statements": 1, "percent_covered": 0.0, "percent_covered_display": "0", "missing_lines": 1, "excluded_lines": 0}, "missing_lines": [223], "excluded_lines": []}, "BaseIndexer.extract_type_context": {"executed_lines": [], "summary": {"covered_lines": 0, "num_statements": 1, "percent_covered": 0.0, "percent_covered_display": "0", "missing_lines": 1, "excluded_lines": 0}, "missing_lines": [237], "excluded_lines": []}, "BaseIndexer.extract_tests": {"executed_lines": [], "summary": {"covered_lines": 0, "num_statements": 1, "percent_covered": 0.0, "percent_covered_display": "0", "missing_lines": 1, "excluded_lines": 0}, "missing_lines": [251], "excluded_lines": []}, "BaseIndexer.extract_imports": {"executed_lines": [], "summary": {"covered_lines": 0, "num_statements": 14, "percent_covered": 0.0, "percent_covered_display": "0", "missing_lines": 14, "excluded_lines": 0}, "missing_lines": [266, 267, 269, 270, 273, 275, 276, 282, 284, 285, 286, 287, 288, 295], "excluded_lines": []}, "BaseIndexer.extract_style": {"executed_lines": [309, 310, 312, 314, 315, 316, 321, 322, 323, 324, 327, 328, 329, 331, 333, 336, 339, 341, 342, 343, 344, 347, 348, 350], "summary": {"covered_lines": 24, "num_statements": 28, "percent_covered": 85.71428571428571, "percent_covered_display": "86", "missing_lines": 4, "excluded_lines": 0}, "missing_lines": [317, 318, 332, 334], "excluded_lines": []}, "BaseIndexer.extract_patterns": {"executed_lines": [362, 365, 368, 369, 373, 374, 378, 379, 382], "summary": {"covered_lines": 9, "num_statements": 12, "percent_covered": 75.0, "percent_covered_display": "75", "missing_lines": 3, "excluded_lines": 0}, "missing_lines": [370, 375, 380], "excluded_lines": []}, "BaseIndexer.find_files": {"executed_lines": [], "summary": {"covered_lines": 0, "num_statements": 8, "percent_covered": 0.0, "percent_covered_display": "0", "missing_lines": 8, "excluded_lines": 0}, "missing_lines": [395, 396, 398, 399, 400, 403, 404, 406], "excluded_lines": []}, "BaseIndexer.read_file": {"executed_lines": [418, 419, 422, 423, 424, 425], "summary": {"covered_lines": 6, "num_statements": 10, "percent_covered": 60.0, "percent_covered_display": "60", "missing_lines": 4, "excluded_lines": 0}, "missing_lines": [420, 426, 427, 428], "excluded_lines": []}, "BaseIndexer.combine_results": {"executed_lines": [], "summary": {"covered_lines": 0, "num_statements": 14, "percent_covered": 0.0, "percent_covered_display": "0", "missing_lines": 14, "excluded_lines": 0}, "missing_lines": [440, 441, 453, 465, 466, 467, 468, 469, 470, 471, 472, 473, 476, 478], "excluded_lines": []}, "BaseIndexer.cache_key": {"executed_lines": [], "summary": {"covered_lines": 0, "num_statements": 1, "percent_covered": 0.0, "percent_covered_display": "0", "missing_lines": 1, "excluded_lines": 0}, "missing_lines": [482], "excluded_lines": []}, "": {"executed_lines": [1, 9, 11, 12, 13, 14, 15, 16, 17, 18, 20, 29, 32, 33, 34, 35, 36, 37, 38, 39, 40, 41, 42, 43, 44, 46, 64, 65, 66, 67, 68, 69, 70, 71, 72, 75, 76, 77, 78, 79, 80, 81, 82, 83, 86, 87, 88, 89, 90, 91, 92, 93, 94, 97, 98, 99, 100, 101, 102, 103, 104, 105, 106, 107, 108, 109, 111, 132, 165, 166, 173, 185, 186, 198, 199, 211, 212, 225, 226, 239, 240, 253, 297, 352, 384, 408, 430, 480, 486], "summary": {"covered_lines": 82, "num_statements": 82, "percent_covered": 100.0, "percent_covered_display": "100", "missing_lines": 0, "excluded_lines": 0}, "missing_lines": [], "excluded_lines": []}}, "classes": {"Symbol": {"executed_lines": [], "summary": {"covered_lines": 0, "num_statements": 1, "percent_covered": 0.0, "percent_covered_display": "0", "missing_lines": 1, "excluded_lines": 0}, "missing_lines": [48], "excluded_lines": []}, "ImportInfo": {"executed_lines": [], "summary": {"covered_lines": 0, "num_statements": 0, "percent_covered": 100.0, "percent_covered_display": "100", "missing_lines": 0, "excluded_lines": 0}, "missing_lines": [], "excluded_lines": []}, "TestCase": {"executed_lines": [], "summary": {"covered_lines": 0, "num_statements": 0, "percent_covered": 100.0, "percent_covered_display": "100", "missing_lines": 0, "excluded_lines": 0}, "missing_lines": [], "excluded_lines": []}, "StyleInfo": {"executed_lines": [], "summary": {"covered_lines": 0, "num_statements": 0, "percent_covered": 100.0, "percent_covered_display": "100", "missing_lines": 0, "excluded_lines": 0}, "missing_lines": [], "excluded_lines": []}, "IndexingResult": {"executed_lines": [], "summary": {"covered_lines": 0, "num_statements": 16, "percent_covered": 0.0, "percent_covered_display": "0", "missing_lines": 16, "excluded_lines": 0}, "missing_lines": [113, 134, 137, 138, 139, 140, 141, 142, 143, 145, 146, 147, 154, 155, 156, 162], "excluded_lines": []}, "BaseIndexer": {"executed_lines": [180, 181, 182, 183, 309, 310, 312, 314, 315, 316, 321, 322, 323, 324, 327, 328, 329, 331, 333, 336, 339, 341, 342, 343, 344, 347, 348, 350, 362, 365, 368, 369, 373, 374, 378, 379, 382, 418, 419, 422, 423, 424, 425], "summary": {"covered_lines": 43, "num_statements": 96, "percent_covered": 44.791666666666664, "percent_covered_display": "45", "missing_lines": 53, "excluded_lines": 0}, "missing_lines": [196, 209, 223, 237, 251, 266, 267, 269, 270, 273, 275, 276, 282, 284, 285, 286, 287, 288, 295, 317, 318, 332, 334, 370, 375, 380, 395, 396, 398, 399, 400, 403, 404, 406, 420, 426, 427, 428, 440, 441, 453, 465, 466, 467, 468, 469, 470, 471, 472, 473, 476, 478, 482], "excluded_lines": []}, "": {"executed_lines": [1, 9, 11, 12, 13, 14, 15, 16, 17, 18, 20, 29, 32, 33, 34, 35, 36, 37, 38, 39, 40, 41, 42, 43, 44, 46, 64, 65, 66, 67, 68, 69, 70, 71, 72, 75, 76, 77, 78, 79, 80, 81, 82, 83, 86, 87, 88, 89, 90, 91, 92, 93, 94, 97, 98, 99, 100, 101, 102, 103, 104, 105, 106, 107, 108, 109, 111, 132, 165, 166, 173, 185, 186, 198, 199, 211, 212, 225, 226, 239, 240, 253, 297, 352, 384, 408, 430, 480, 486], "summary": {"covered_lines": 82, "num_statements": 82, "percent_covered": 100.0, "percent_covered_display": "100", "missing_lines": 0, "excluded_lines": 0}, "missing_lines": [], "excluded_lines": []}}}, "src/maze/indexer/integrations/__init__.py": {"executed_lines": [], "summary": {"covered_lines": 0, "num_statements": 0, "percent_covered": 100.0, "percent_covered_display": "100", "missing_lines": 0, "excluded_lines": 0}, "missing_lines": [], "excluded_lines": [], "functions": {"": {"executed_lines": [], "summary": {"covered_lines": 0, "num_statements": 0, "percent_covered": 100.0, "percent_covered_display": "100", "missing_lines": 0, "excluded_lines": 0}, "missing_lines": [], "excluded_lines": []}}, "classes": {"": {"executed_lines": [], "summary": {"covered_lines": 0, "num_statements": 0, "percent_covered": 100.0, "percent_covered_display": "100", "missing_lines": 0, "excluded_lines": 0}, "missing_lines": [], "excluded_lines": []}}}, "src/maze/indexer/languages/__init__.py": {"executed_lines": [0], "summary": {"covered_lines": 0, "num_statements": 0, "percent_covered": 100.0, "percent_covered_display": "100", "missing_lines": 0, "excluded_lines": 0}, "missing_lines": [], "excluded_lines": [], "functions": {"": {"executed_lines": [], "summary": {"covered_lines": 0, "num_statements": 0, "percent_covered": 100.0, "percent_covered_display": "100", "missing_lines": 0, "excluded_lines": 0}, "missing_lines": [], "excluded_lines": []}}, "classes": {"": {"executed_lines": [], "summary": {"covered_lines": 0, "num_statements": 0, "percent_covered": 100.0, "percent_covered_display": "100", "missing_lines": 0, "excluded_lines": 0}, "missing_lines": [], "excluded_lines": []}}}, "src/maze/indexer/languages/typescript.py": {"executed_lines": [1, 8, 10, 11, 12, 13, 14, 15, 16, 18, 26, 35, 38, 39, 46, 54, 55, 56, 57, 58, 60, 62, 63, 66, 67, 68, 69, 70, 73, 75, 77, 89, 116, 118, 119, 121, 122, 125, 126, 129, 130, 140, 141, 151, 152, 162, 163, 173, 174, 184, 185, 195, 196, 197, 198, 208, 211, 213, 247, 249, 250, 252, 254, 255, 256, 266, 278, 280, 282, 283, 285, 286, 289, 324, 333, 337, 339, 340, 341, 342, 354, 357, 359, 360, 364, 367, 368, 370, 372, 374, 377, 379, 382, 383, 386, 416, 453, 495, 534, 536, 539, 552, 563, 565, 571, 574, 576, 577, 578, 579, 580, 595, 597, 600, 602, 604, 606, 608, 611, 613, 623], "summary": {"covered_lines": 119, "num_statements": 277, "percent_covered": 42.96028880866426, "percent_covered_display": "43", "missing_lines": 158, "excluded_lines": 0}, "missing_lines": [91, 92, 94, 95, 96, 97, 98, 99, 101, 112, 114, 209, 215, 216, 218, 219, 221, 223, 225, 226, 227, 229, 231, 232, 233, 235, 237, 238, 239, 241, 243, 245, 268, 269, 270, 291, 292, 293, 294, 303, 304, 313, 314, 325, 326, 345, 346, 347, 348, 349, 350, 352, 362, 384, 388, 391, 392, 393, 396, 398, 401, 402, 403, 405, 406, 409, 410, 411, 414, 419, 421, 422, 423, 424, 427, 428, 429, 430, 431, 432, 433, 434, 435, 436, 437, 443, 448, 449, 451, 457, 458, 459, 461, 462, 465, 466, 467, 468, 471, 472, 473, 474, 477, 478, 479, 481, 487, 493, 498, 499, 500, 502, 503, 505, 506, 507, 508, 511, 512, 513, 514, 517, 518, 519, 520, 526, 532, 541, 542, 543, 545, 554, 555, 556, 557, 558, 559, 560, 561, 569, 581, 582, 585, 586, 587, 588, 589, 591, 593, 601, 603, 605, 607, 609, 616, 617, 618, 619], "excluded_lines": [], "functions": {"TypeScriptIndexer.__init__": {"executed_lines": [54, 55, 56, 57, 58], "summary": {"covered_lines": 5, "num_statements": 5, "percent_covered": 100.0, "percent_covered_display": "100", "missing_lines": 0, "excluded_lines": 0}, "missing_lines": [], "excluded_lines": []}, "TypeScriptIndexer.index_file": {"executed_lines": [62, 63, 66, 67, 68, 69, 70, 73, 75, 77], "summary": {"covered_lines": 10, "num_statements": 10, "percent_covered": 100.0, "percent_covered_display": "100", "missing_lines": 0, "excluded_lines": 0}, "missing_lines": [], "excluded_lines": []}, "TypeScriptIndexer.index_directory": {"executed_lines": [], "summary": {"covered_lines": 0, "num_statements": 11, "percent_covered": 0.0, "percent_covered_display": "0", "missing_lines": 11, "excluded_lines": 0}, "missing_lines": [91, 92, 94, 95, 96, 97, 98, 99, 101, 112, 114], "excluded_lines": []}, "TypeScriptIndexer.extract_symbols": {"executed_lines": [118, 119, 121, 122, 125, 126, 129, 130, 140, 141, 151, 152, 162, 163, 173, 174, 184, 185, 195, 196, 197, 198, 208, 211], "summary": {"covered_lines": 24, "num_statements": 25, "percent_covered": 96.0, "percent_covered_display": "96", "missing_lines": 1, "excluded_lines": 0}, "missing_lines": [209], "excluded_lines": []}, "TypeScriptIndexer.extract_type_context": {"executed_lines": [], "summary": {"covered_lines": 0, "num_statements": 20, "percent_covered": 0.0, "percent_covered_display": "0", "missing_lines": 20, "excluded_lines": 0}, "missing_lines": [215, 216, 218, 219, 221, 223, 225, 226, 227, 229, 231, 232, 233, 235, 237, 238, 239, 241, 243, 245], "excluded_lines": []}, "TypeScriptIndexer.extract_tests": {"executed_lines": [249, 250, 252, 254, 255, 256, 266, 278], "summary": {"covered_lines": 8, "num_statements": 11, "percent_covered": 72.72727272727273, "percent_covered_display": "73", "missing_lines": 3, "excluded_lines": 0}, "missing_lines": [268, 269, 270], "excluded_lines": []}, "TypeScriptIndexer.extract_imports": {"executed_lines": [282, 283, 285, 286, 289, 324, 333], "summary": {"covered_lines": 7, "num_statements": 17, "percent_covered": 41.1764705882353, "percent_covered_display": "41", "missing_lines": 10, "excluded_lines": 0}, "missing_lines": [291, 292, 293, 294, 303, 304, 313, 314, 325, 326], "excluded_lines": []}, "TypeScriptIndexer._find_tsconfig": {"executed_lines": [339, 340, 341, 342], "summary": {"covered_lines": 4, "num_statements": 11, "percent_covered": 36.36363636363637, "percent_covered_display": "36", "missing_lines": 7, "excluded_lines": 0}, "missing_lines": [345, 346, 347, 348, 349, 350, 352], "excluded_lines": []}, "TypeScriptIndexer._extract_function_type": {"executed_lines": [357, 359, 360, 364, 367, 368, 370, 372], "summary": {"covered_lines": 8, "num_statements": 9, "percent_covered": 88.88888888888889, "percent_covered_display": "89", "missing_lines": 1, "excluded_lines": 0}, "missing_lines": [362], "excluded_lines": []}, "TypeScriptIndexer._extract_arrow_function_type": {"executed_lines": [377], "summary": {"covered_lines": 1, "num_statements": 1, "percent_covered": 100.0, "percent_covered_display": "100", "missing_lines": 0, "excluded_lines": 0}, "missing_lines": [], "excluded_lines": []}, "TypeScriptIndexer._extract_type_alias": {"executed_lines": [382, 383], "summary": {"covered_lines": 2, "num_statements": 3, "percent_covered": 66.66666666666667, "percent_covered_display": "67", "missing_lines": 1, "excluded_lines": 0}, "missing_lines": [384], "excluded_lines": []}, "TypeScriptIndexer._parse_type_string": {"executed_lines": [], "summary": {"covered_lines": 0, "num_statements": 15, "percent_covered": 0.0, "percent_covered_display": "0", "missing_lines": 15, "excluded_lines": 0}, "missing_lines": [388, 391, 392, 393, 396, 398, 401, 402, 403, 405, 406, 409, 410, 411, 414], "excluded_lines": []}, "TypeScriptIndexer._parse_function_signature": {"executed_lines": [], "summary": {"covered_lines": 0, "num_statements": 20, "percent_covered": 0.0, "percent_covered_display": "0", "missing_lines": 20, "excluded_lines": 0}, "missing_lines": [419, 421, 422, 423, 424, 427, 428, 429, 430, 431, 432, 433, 434, 435, 436, 437, 443, 448, 449, 451], "excluded_lines": []}, "TypeScriptIndexer._extract_class_type": {"executed_lines": [], "summary": {"covered_lines": 0, "num_statements": 19, "percent_covered": 0.0, "percent_covered_display": "0", "missing_lines": 19, "excluded_lines": 0}, "missing_lines": [457, 458, 459, 461, 462, 465, 466, 467, 468, 471, 472, 473, 474, 477, 478, 479, 481, 487, 493], "excluded_lines": []}, "TypeScriptIndexer._extract_interface_type": {"executed_lines": [], "summary": {"covered_lines": 0, "num_statements": 19, "percent_covered": 0.0, "percent_covered_display": "0", "missing_lines": 19, "excluded_lines": 0}, "missing_lines": [498, 499, 500, 502, 503, 505, 506, 507, 508, 511, 512, 513, 514, 517, 518, 519, 520, 526, 532], "excluded_lines": []}, "TypeScriptIndexer._extract_schemas": {"executed_lines": [536, 539, 552, 563], "summary": {"covered_lines": 4, "num_statements": 16, "percent_covered": 25.0, "percent_covered_display": "25", "missing_lines": 12, "excluded_lines": 0}, "missing_lines": [541, 542, 543, 545, 554, 555, 556, 557, 558, 559, 560, 561], "excluded_lines": []}, "TypeScriptIndexer._enhance_with_tsserver": {"executed_lines": [], "summary": {"covered_lines": 0, "num_statements": 1, "percent_covered": 0.0, "percent_covered_display": "0", "missing_lines": 1, "excluded_lines": 0}, "missing_lines": [569], "excluded_lines": []}, "TypeScriptIndexer._get_test_command": {"executed_lines": [574, 576, 577, 578, 579, 580], "summary": {"covered_lines": 6, "num_statements": 15, "percent_covered": 40.0, "percent_covered_display": "40", "missing_lines": 9, "excluded_lines": 0}, "missing_lines": [581, 582, 585, 586, 587, 588, 589, 591, 593], "excluded_lines": []}, "TypeScriptIndexer._extract_test_tags": {"executed_lines": [597, 600, 602, 604, 606, 608, 611], "summary": {"covered_lines": 7, "num_statements": 12, "percent_covered": 58.333333333333336, "percent_covered_display": "58", "missing_lines": 5, "excluded_lines": 0}, "missing_lines": [601, 603, 605, 607, 609], "excluded_lines": []}, "TypeScriptIndexer._find_containing_test": {"executed_lines": [], "summary": {"covered_lines": 0, "num_statements": 4, "percent_covered": 0.0, "percent_covered_display": "0", "missing_lines": 4, "excluded_lines": 0}, "missing_lines": [616, 617, 618, 619], "excluded_lines": []}, "": {"executed_lines": [1, 8, 10, 11, 12, 13, 14, 15, 16, 18, 26, 35, 38, 39, 46, 60, 89, 116, 213, 247, 280, 337, 354, 374, 379, 386, 416, 453, 495, 534, 565, 571, 595, 613, 623], "summary": {"covered_lines": 33, "num_statements": 33, "percent_covered": 100.0, "percent_covered_display": "100", "missing_lines": 0, "excluded_lines": 0}, "missing_lines": [], "excluded_lines": []}}, "classes": {"TypeScriptIndexer": {"executed_lines": [54, 55, 56, 57, 58, 62, 63, 66, 67, 68, 69, 70, 73, 75, 77, 118, 119, 121, 122, 125, 126, 129, 130, 140, 141, 151, 152, 162, 163, 173, 174, 184, 185, 195, 196, 197, 198, 208, 211, 249, 250, 252, 254, 255, 256, 266, 278, 282, 283, 285, 286, 289, 324, 333, 339, 340, 341, 342, 357, 359, 360, 364, 367, 368, 370, 372, 377, 382, 383, 536, 539, 552, 563, 574, 576, 577, 578, 579, 580, 597, 600, 602, 604, 606, 608, 611], "summary": {"covered_lines": 86, "num_statements": 244, "percent_covered": 35.24590163934426, "percent_covered_display": "35", "missing_lines": 158, "excluded_lines": 0}, "missing_lines": [91, 92, 94, 95, 96, 97, 98, 99, 101, 112, 114, 209, 215, 216, 218, 219, 221, 223, 225, 226, 227, 229, 231, 232, 233, 235, 237, 238, 239, 241, 243, 245, 268, 269, 270, 291, 292, 293, 294, 303, 304, 313, 314, 325, 326, 345, 346, 347, 348, 349, 350, 352, 362, 384, 388, 391, 392, 393, 396, 398, 401, 402, 403, 405, 406, 409, 410, 411, 414, 419, 421, 422, 423, 424, 427, 428, 429, 430, 431, 432, 433, 434, 435, 436, 437, 443, 448, 449, 451, 457, 458, 459, 461, 462, 465, 466, 467, 468, 471, 472, 473, 474, 477, 478, 479, 481, 487, 493, 498, 499, 500, 502, 503, 505, 506, 507, 508, 511, 512, 513, 514, 517, 518, 519, 520, 526, 532, 541, 542, 543, 545, 554, 555, 556, 557, 558, 559, 560, 561, 569, 581, 582, 585, 586, 587, 588, 589, 591, 593, 601, 603, 605, 607, 609, 616, 617, 618, 619], "excluded_lines": []}, "": {"executed_lines": [1, 8, 10, 11, 12, 13, 14, 15, 16, 18, 26, 35, 38, 39, 46, 60, 89, 116, 213, 247, 280, 337, 354, 374, 379, 386, 416, 453, 495, 534, 565, 571, 595, 613, 623], "summary": {"covered_lines": 33, "num_statements": 33, "percent_covered": 100.0, "percent_covered_display": "100", "missing_lines": 0, "excluded_lines": 0}, "missing_lines": [], "excluded_lines": []}}}, "src/maze/integrations/__init__.py": {"executed_lines": [0], "summary": {"covered_lines": 0, "num_statements": 0, "percent_covered": 100.0, "percent_covered_display": "100", "missing_lines": 0, "excluded_lines": 0}, "missing_lines": [], "excluded_lines": [], "functions": {"": {"executed_lines": [], "summary": {"covered_lines": 0, "num_statements": 0, "percent_covered": 100.0, "percent_covered_display": "100", "missing_lines": 0, "excluded_lines": 0}, "missing_lines": [], "excluded_lines": []}}, "classes": {"": {"executed_lines": [], "summary": {"covered_lines": 0, "num_statements": 0, "percent_covered": 100.0, "percent_covered_display": "100", "missing_lines": 0, "excluded_lines": 0}, "missing_lines": [], "excluded_lines": []}}}, "src/maze/integrations/llguidance/__init__.py": {"executed_lines": [1, 5, 15], "summary": {"covered_lines": 2, "num_statements": 2, "percent_covered": 100.0, "percent_covered_display": "100", "missing_lines": 0, "excluded_lines": 0}, "missing_lines": [], "excluded_lines": [], "functions": {"": {"executed_lines": [1, 5, 15], "summary": {"covered_lines": 2, "num_statements": 2, "percent_covered": 100.0, "percent_covered_display": "100", "missing_lines": 0, "excluded_lines": 0}, "missing_lines": [], "excluded_lines": []}}, "classes": {"": {"executed_lines": [1, 5, 15], "summary": {"covered_lines": 2, "num_statements": 2, "percent_covered": 100.0, "percent_covered_display": "100", "missing_lines": 0, "excluded_lines": 0}, "missing_lines": [], "excluded_lines": []}}}, "src/maze/integrations/llguidance/adapter.py": {"executed_lines": [1, 8, 10, 11, 12, 13, 14, 15, 18, 27, 30, 31, 32, 33, 34, 37, 38, 39, 40, 41, 42, 43, 44, 47, 48, 50, 51, 52, 53, 55, 64, 77, 82, 83, 89, 90, 91, 98, 99, 100, 101, 103, 105, 106, 107, 109, 148, 200, 224, 242, 268, 308, 325, 356, 363, 372, 396, 400, 407, 430, 431, 433, 434, 436, 443, 444, 446, 447, 449, 458, 459, 461, 462, 464, 472, 482, 489, 490, 494], "summary": {"covered_lines": 71, "num_statements": 168, "percent_covered": 42.26190476190476, "percent_covered_display": "42", "missing_lines": 97, "excluded_lines": 0}, "missing_lines": [57, 59, 60, 61, 62, 66, 68, 69, 71, 72, 74, 75, 79, 80, 86, 124, 127, 128, 129, 132, 133, 138, 140, 143, 144, 146, 170, 173, 174, 175, 176, 177, 180, 181, 182, 185, 188, 189, 192, 195, 196, 198, 218, 219, 220, 221, 222, 234, 235, 237, 238, 239, 240, 257, 260, 261, 264, 266, 283, 306, 319, 339, 340, 342, 343, 344, 346, 347, 348, 349, 350, 351, 352, 354, 358, 359, 360, 361, 365, 374, 375, 377, 378, 379, 381, 383, 398, 403, 404, 405, 415, 421, 424, 425, 440, 451, 467], "excluded_lines": [], "functions": {"LRUCache.__init__": {"executed_lines": [51, 52, 53], "summary": {"covered_lines": 3, "num_statements": 3, "percent_covered": 100.0, "percent_covered_display": "100", "missing_lines": 0, "excluded_lines": 0}, "missing_lines": [], "excluded_lines": []}, "LRUCache.get": {"executed_lines": [], "summary": {"covered_lines": 0, "num_statements": 5, "percent_covered": 0.0, "percent_covered_display": "0", "missing_lines": 5, "excluded_lines": 0}, "missing_lines": [57, 59, 60, 61, 62], "excluded_lines": []}, "LRUCache.put": {"executed_lines": [], "summary": {"covered_lines": 0, "num_statements": 7, "percent_covered": 0.0, "percent_covered_display": "0", "missing_lines": 7, "excluded_lines": 0}, "missing_lines": [66, 68, 69, 71, 72, 74, 75], "excluded_lines": []}, "LRUCache.clear": {"executed_lines": [], "summary": {"covered_lines": 0, "num_statements": 2, "percent_covered": 0.0, "percent_covered_display": "0", "missing_lines": 2, "excluded_lines": 0}, "missing_lines": [79, 80], "excluded_lines": []}, "LRUCache.hit_rate": {"executed_lines": [], "summary": {"covered_lines": 0, "num_statements": 1, "percent_covered": 0.0, "percent_covered_display": "0", "missing_lines": 1, "excluded_lines": 0}, "missing_lines": [86], "excluded_lines": []}, "LLGuidanceAdapter.__post_init__": {"executed_lines": [105, 106, 107], "summary": {"covered_lines": 3, "num_statements": 3, "percent_covered": 100.0, "percent_covered_display": "100", "missing_lines": 0, "excluded_lines": 0}, "missing_lines": [], "excluded_lines": []}, "LLGuidanceAdapter.build_parser": {"executed_lines": [], "summary": {"covered_lines": 0, "num_statements": 11, "percent_covered": 0.0, "percent_covered_display": "0", "missing_lines": 11, "excluded_lines": 0}, "missing_lines": [124, 127, 128, 129, 132, 133, 138, 140, 143, 144, 146], "excluded_lines": []}, "LLGuidanceAdapter.compute_mask": {"executed_lines": [], "summary": {"covered_lines": 0, "num_statements": 16, "percent_covered": 0.0, "percent_covered_display": "0", "missing_lines": 16, "excluded_lines": 0}, "missing_lines": [170, 173, 174, 175, 176, 177, 180, 181, 182, 185, 188, 189, 192, 195, 196, 198], "excluded_lines": []}, "LLGuidanceAdapter.compute_mask_batch": {"executed_lines": [], "summary": {"covered_lines": 0, "num_statements": 5, "percent_covered": 0.0, "percent_covered_display": "0", "missing_lines": 5, "excluded_lines": 0}, "missing_lines": [218, 219, 220, 221, 222], "excluded_lines": []}, "LLGuidanceAdapter.validate_grammar": {"executed_lines": [], "summary": {"covered_lines": 0, "num_statements": 6, "percent_covered": 0.0, "percent_covered_display": "0", "missing_lines": 6, "excluded_lines": 0}, "missing_lines": [234, 235, 237, 238, 239, 240], "excluded_lines": []}, "LLGuidanceAdapter.optimize_grammar": {"executed_lines": [], "summary": {"covered_lines": 0, "num_statements": 5, "percent_covered": 0.0, "percent_covered_display": "0", "missing_lines": 5, "excluded_lines": 0}, "missing_lines": [257, 260, 261, 264, 266], "excluded_lines": []}, "LLGuidanceAdapter.grammar_from_json_schema": {"executed_lines": [], "summary": {"covered_lines": 0, "num_statements": 2, "percent_covered": 0.0, "percent_covered_display": "0", "missing_lines": 2, "excluded_lines": 0}, "missing_lines": [283, 306], "excluded_lines": []}, "LLGuidanceAdapter.grammar_from_regex": {"executed_lines": [], "summary": {"covered_lines": 0, "num_statements": 1, "percent_covered": 0.0, "percent_covered_display": "0", "missing_lines": 1, "excluded_lines": 0}, "missing_lines": [319], "excluded_lines": []}, "LLGuidanceAdapter.merge_grammars": {"executed_lines": [], "summary": {"covered_lines": 0, "num_statements": 13, "percent_covered": 0.0, "percent_covered_display": "0", "missing_lines": 13, "excluded_lines": 0}, "missing_lines": [339, 340, 342, 343, 344, 346, 347, 348, 349, 350, 351, 352, 354], "excluded_lines": []}, "LLGuidanceAdapter.clear_caches": {"executed_lines": [], "summary": {"covered_lines": 0, "num_statements": 4, "percent_covered": 0.0, "percent_covered_display": "0", "missing_lines": 4, "excluded_lines": 0}, "missing_lines": [358, 359, 360, 361], "excluded_lines": []}, "LLGuidanceAdapter.get_cache_stats": {"executed_lines": [], "summary": {"covered_lines": 0, "num_statements": 1, "percent_covered": 0.0, "percent_covered_display": "0", "missing_lines": 1, "excluded_lines": 0}, "missing_lines": [365], "excluded_lines": []}, "LLGuidanceAdapter.get_performance_summary": {"executed_lines": [], "summary": {"covered_lines": 0, "num_statements": 7, "percent_covered": 0.0, "percent_covered_display": "0", "missing_lines": 7, "excluded_lines": 0}, "missing_lines": [374, 375, 377, 378, 379, 381, 383], "excluded_lines": []}, "LLGuidanceAdapter._grammar_cache_key": {"executed_lines": [], "summary": {"covered_lines": 0, "num_statements": 1, "percent_covered": 0.0, "percent_covered_display": "0", "missing_lines": 1, "excluded_lines": 0}, "missing_lines": [398], "excluded_lines": []}, "LLGuidanceAdapter._mask_cache_key": {"executed_lines": [], "summary": {"covered_lines": 0, "num_statements": 3, "percent_covered": 0.0, "percent_covered_display": "0", "missing_lines": 3, "excluded_lines": 0}, "missing_lines": [403, 404, 405], "excluded_lines": []}, "LLGuidanceAdapter._record_metrics": {"executed_lines": [], "summary": {"covered_lines": 0, "num_statements": 4, "percent_covered": 0.0, "percent_covered_display": "0", "missing_lines": 4, "excluded_lines": 0}, "missing_lines": [415, 421, 424, 425], "excluded_lines": []}, "OpenAIAdapter.__init__": {"executed_lines": [434], "summary": {"covered_lines": 1, "num_statements": 1, "percent_covered": 100.0, "percent_covered_display": "100", "missing_lines": 0, "excluded_lines": 0}, "missing_lines": [], "excluded_lines": []}, "OpenAIAdapter.to_structured_output_schema": {"executed_lines": [], "summary": {"covered_lines": 0, "num_statements": 1, "percent_covered": 0.0, "percent_covered_display": "0", "missing_lines": 1, "excluded_lines": 0}, "missing_lines": [440], "excluded_lines": []}, "VLLMAdapter.__init__": {"executed_lines": [447], "summary": {"covered_lines": 1, "num_statements": 1, "percent_covered": 100.0, "percent_covered_display": "100", "missing_lines": 0, "excluded_lines": 0}, "missing_lines": [], "excluded_lines": []}, "VLLMAdapter.to_vllm_config": {"executed_lines": [], "summary": {"covered_lines": 0, "num_statements": 1, "percent_covered": 0.0, "percent_covered_display": "0", "missing_lines": 1, "excluded_lines": 0}, "missing_lines": [451], "excluded_lines": []}, "SGLangAdapter.__init__": {"executed_lines": [462], "summary": {"covered_lines": 1, "num_statements": 1, "percent_covered": 100.0, "percent_covered_display": "100", "missing_lines": 0, "excluded_lines": 0}, "missing_lines": [], "excluded_lines": []}, "SGLangAdapter.to_sglang_constraint": {"executed_lines": [], "summary": {"covered_lines": 0, "num_statements": 1, "percent_covered": 0.0, "percent_covered_display": "0", "missing_lines": 1, "excluded_lines": 0}, "missing_lines": [467], "excluded_lines": []}, "create_adapter": {"executed_lines": [482, 489, 490], "summary": {"covered_lines": 3, "num_statements": 3, "percent_covered": 100.0, "percent_covered_display": "100", "missing_lines": 0, "excluded_lines": 0}, "missing_lines": [], "excluded_lines": []}, "": {"executed_lines": [1, 8, 10, 11, 12, 13, 14, 15, 18, 27, 30, 31, 32, 33, 34, 37, 38, 39, 40, 41, 42, 43, 44, 47, 48, 50, 55, 64, 77, 82, 83, 89, 90, 91, 98, 99, 100, 101, 103, 109, 148, 200, 224, 242, 268, 308, 325, 356, 363, 372, 396, 400, 407, 430, 431, 433, 436, 443, 444, 446, 449, 458, 459, 461, 464, 472, 494], "summary": {"covered_lines": 59, "num_statements": 59, "percent_covered": 100.0, "percent_covered_display": "100", "missing_lines": 0, "excluded_lines": 0}, "missing_lines": [], "excluded_lines": []}}, "classes": {"TokenizerConfig": {"executed_lines": [], "summary": {"covered_lines": 0, "num_statements": 0, "percent_covered": 100.0, "percent_covered_display": "100", "missing_lines": 0, "excluded_lines": 0}, "missing_lines": [], "excluded_lines": []}, "MaskComputationMetrics": {"executed_lines": [], "summary": {"covered_lines": 0, "num_statements": 0, "percent_covered": 100.0, "percent_covered_display": "100", "missing_lines": 0, "excluded_lines": 0}, "missing_lines": [], "excluded_lines": []}, "LRUCache": {"executed_lines": [51, 52, 53], "summary": {"covered_lines": 3, "num_statements": 18, "percent_covered": 16.666666666666668, "percent_covered_display": "17", "missing_lines": 15, "excluded_lines": 0}, "missing_lines": [57, 59, 60, 61, 62, 66, 68, 69, 71, 72, 74, 75, 79, 80, 86], "excluded_lines": []}, "LLGuidanceAdapter": {"executed_lines": [105, 106, 107], "summary": {"covered_lines": 3, "num_statements": 82, "percent_covered": 3.658536585365854, "percent_covered_display": "4", "missing_lines": 79, "excluded_lines": 0}, "missing_lines": [124, 127, 128, 129, 132, 133, 138, 140, 143, 144, 146, 170, 173, 174, 175, 176, 177, 180, 181, 182, 185, 188, 189, 192, 195, 196, 198, 218, 219, 220, 221, 222, 234, 235, 237, 238, 239, 240, 257, 260, 261, 264, 266, 283, 306, 319, 339, 340, 342, 343, 344, 346, 347, 348, 349, 350, 351, 352, 354, 358, 359, 360, 361, 365, 374, 375, 377, 378, 379, 381, 383, 398, 403, 404, 405, 415, 421, 424, 425], "excluded_lines": []}, "OpenAIAdapter": {"executed_lines": [434], "summary": {"covered_lines": 1, "num_statements": 2, "percent_covered": 50.0, "percent_covered_display": "50", "missing_lines": 1, "excluded_lines": 0}, "missing_lines": [440], "excluded_lines": []}, "VLLMAdapter": {"executed_lines": [447], "summary": {"covered_lines": 1, "num_statements": 2, "percent_covered": 50.0, "percent_covered_display": "50", "missing_lines": 1, "excluded_lines": 0}, "missing_lines": [451], "excluded_lines": []}, "SGLangAdapter": {"executed_lines": [462], "summary": {"covered_lines": 1, "num_statements": 2, "percent_covered": 50.0, "percent_covered_display": "50", "missing_lines": 1, "excluded_lines": 0}, "missing_lines": [467], "excluded_lines": []}, "": {"executed_lines": [1, 8, 10, 11, 12, 13, 14, 15, 18, 27, 30, 31, 32, 33, 34, 37, 38, 39, 40, 41, 42, 43, 44, 47, 48, 50, 55, 64, 77, 82, 83, 89, 90, 91, 98, 99, 100, 101, 103, 109, 148, 200, 224, 242, 268, 308, 325, 356, 363, 372, 396, 400, 407, 430, 431, 433, 436, 443, 444, 446, 449, 458, 459, 461, 464, 472, 482, 489, 490, 494], "summary": {"covered_lines": 62, "num_statements": 62, "percent_covered": 100.0, "percent_covered_display": "100", "missing_lines": 0, "excluded_lines": 0}, "missing_lines": [], "excluded_lines": []}}}, "src/maze/integrations/mnemosyne/__init__.py": {"executed_lines": [], "summary": {"covered_lines": 0, "num_statements": 0, "percent_covered": 100.0, "percent_covered_display": "100", "missing_lines": 0, "excluded_lines": 0}, "missing_lines": [], "excluded_lines": [], "functions": {"": {"executed_lines": [], "summary": {"covered_lines": 0, "num_statements": 0, "percent_covered": 100.0, "percent_covered_display": "100", "missing_lines": 0, "excluded_lines": 0}, "missing_lines": [], "excluded_lines": []}}, "classes": {"": {"executed_lines": [], "summary": {"covered_lines": 0, "num_statements": 0, "percent_covered": 100.0, "percent_covered_display": "100", "missing_lines": 0, "excluded_lines": 0}, "missing_lines": [], "excluded_lines": []}}}, "src/maze/integrations/pedantic_raven/__init__.py": {"executed_lines": [], "summary": {"covered_lines": 0, "num_statements": 0, "percent_covered": 100.0, "percent_covered_display": "100", "missing_lines": 0, "excluded_lines": 0}, "missing_lines": [], "excluded_lines": [], "functions": {"": {"executed_lines": [], "summary": {"covered_lines": 0, "num_statements": 0, "percent_covered": 100.0, "percent_covered_display": "100", "missing_lines": 0, "excluded_lines": 0}, "missing_lines": [], "excluded_lines": []}}, "classes": {"": {"executed_lines": [], "summary": {"covered_lines": 0, "num_statements": 0, "percent_covered": 100.0, "percent_covered_display": "100", "missing_lines": 0, "excluded_lines": 0}, "missing_lines": [], "excluded_lines": []}}}, "src/maze/integrations/rune/__init__.py": {"executed_lines": [], "summary": {"covered_lines": 0, "num_statements": 0, "percent_covered": 100.0, "percent_covered_display": "100", "missing_lines": 0, "excluded_lines": 0}, "missing_lines": [], "excluded_lines": [], "functions": {"": {"executed_lines": [], "summary": {"covered_lines": 0, "num_statements": 0, "percent_covered": 100.0, "percent_covered_display": "100", "missing_lines": 0, "excluded_lines": 0}, "missing_lines": [], "excluded_lines": []}}, "classes": {"": {"executed_lines": [], "summary": {"covered_lines": 0, "num_statements": 0, "percent_covered": 100.0, "percent_covered_display": "100", "missing_lines": 0, "excluded_lines": 0}, "missing_lines": [], "excluded_lines": []}}}, "src/maze/learning/__init__.py": {"executed_lines": [], "summary": {"covered_lines": 0, "num_statements": 0, "percent_covered": 100.0, "percent_covered_display": "100", "missing_lines": 0, "excluded_lines": 0}, "missing_lines": [], "excluded_lines": [], "functions": {"": {"executed_lines": [], "summary": {"covered_lines": 0, "num_statements": 0, "percent_covered": 100.0, "percent_covered_display": "100", "missing_lines": 0, "excluded_lines": 0}, "missing_lines": [], "excluded_lines": []}}, "classes": {"": {"executed_lines": [], "summary": {"covered_lines": 0, "num_statements": 0, "percent_covered": 100.0, "percent_covered_display": "100", "missing_lines": 0, "excluded_lines": 0}, "missing_lines": [], "excluded_lines": []}}}, "src/maze/orchestrator/__init__.py": {"executed_lines": [], "summary": {"covered_lines": 0, "num_statements": 0, "percent_covered": 100.0, "percent_covered_display": "100", "missing_lines": 0, "excluded_lines": 0}, "missing_lines": [], "excluded_lines": [], "functions": {"": {"executed_lines": [], "summary": {"covered_lines": 0, "num_statements": 0, "percent_covered": 100.0, "percent_covered_display": "100", "missing_lines": 0, "excluded_lines": 0}, "missing_lines": [], "excluded_lines": []}}, "classes": {"": {"executed_lines": [], "summary": {"covered_lines": 0, "num_statements": 0, "percent_covered": 100.0, "percent_covered_display": "100", "missing_lines": 0, "excluded_lines": 0}, "missing_lines": [], "excluded_lines": []}}}, "src/maze/orchestrator/providers/__init__.py": {"executed_lines": [], "summary": {"covered_lines": 0, "num_statements": 0, "percent_covered": 100.0, "percent_covered_display": "100", "missing_lines": 0, "excluded_lines": 0}, "missing_lines": [], "excluded_lines": [], "functions": {"": {"executed_lines": [], "summary": {"covered_lines": 0, "num_statements": 0, "percent_covered": 100.0, "percent_covered_display": "100", "missing_lines": 0, "excluded_lines": 0}, "missing_lines": [], "excluded_lines": []}}, "classes": {"": {"executed_lines": [], "summary": {"covered_lines": 0, "num_statements": 0, "percent_covered": 100.0, "percent_covered_display": "100", "missing_lines": 0, "excluded_lines": 0}, "missing_lines": [], "excluded_lines": []}}}, "src/maze/repair/__init__.py": {"executed_lines": [], "summary": {"covered_lines": 0, "num_statements": 0, "percent_covered": 100.0, "percent_covered_display": "100", "missing_lines": 0, "excluded_lines": 0}, "missing_lines": [], "excluded_lines": [], "functions": {"": {"executed_lines": [], "summary": {"covered_lines": 0, "num_statements": 0, "percent_covered": 100.0, "percent_covered_display": "100", "missing_lines": 0, "excluded_lines": 0}, "missing_lines": [], "excluded_lines": []}}, "classes": {"": {"executed_lines": [], "summary": {"covered_lines": 0, "num_statements": 0, "percent_covered": 100.0, "percent_covered_display": "100", "missing_lines": 0, "excluded_lines": 0}, "missing_lines": [], "excluded_lines": []}}}, "src/maze/synthesis/__init__.py": {"executed_lines": [], "summary": {"covered_lines": 0, "num_statements": 0, "percent_covered": 100.0, "percent_covered_display": "100", "missing_lines": 0, "excluded_lines": 0}, "missing_lines": [], "excluded_lines": [], "functions": {"": {"executed_lines": [], "summary": {"covered_lines": 0, "num_statements": 0, "percent_covered": 100.0, "percent_covered_display": "100", "missing_lines": 0, "excluded_lines": 0}, "missing_lines": [], "excluded_lines": []}}, "classes": {"": {"executed_lines": [], "summary": {"covered_lines": 0, "num_statements": 0, "percent_covered": 100.0, "percent_covered_display": "100", "missing_lines": 0, "excluded_lines": 0}, "missing_lines": [], "excluded_lines": []}}}, "src/maze/synthesis/grammars/__init__.py": {"executed_lines": [], "summary": {"covered_lines": 0, "num_statements": 0, "percent_covered": 100.0, "percent_covered_display": "100", "missing_lines": 0, "excluded_lines": 0}, "missing_lines": [], "excluded_lines": [], "functions": {"": {"executed_lines": [], "summary": {"covered_lines": 0, "num_statements": 0, "percent_covered": 100.0, "percent_covered_display": "100", "missing_lines": 0, "excluded_lines": 0}, "missing_lines": [], "excluded_lines": []}}, "classes": {"": {"executed_lines": [], "summary": {"covered_lines": 0, "num_statements": 0, "percent_covered": 100.0, "percent_covered_display": "100", "missing_lines": 0, "excluded_lines": 0}, "missing_lines": [], "excluded_lines": []}}}, "src/maze/synthesis/templates/__init__.py": {"executed_lines": [], "summary": {"covered_lines": 0, "num_statements": 0, "percent_covered": 100.0, "percent_covered_display": "100", "missing_lines": 0, "excluded_lines": 0}, "missing_lines": [], "excluded_lines": [], "functions": {"": {"executed_lines": [], "summary": {"covered_lines": 0, "num_statements": 0, "percent_covered": 100.0, "percent_covered_display": "100", "missing_lines": 0, "excluded_lines": 0}, "missing_lines": [], "excluded_lines": []}}, "classes": {"": {"executed_lines": [], "summary": {"covered_lines": 0, "num_statements": 0, "percent_covered": 100.0, "percent_covered_display": "100", "missing_lines": 0, "excluded_lines": 0}, "missing_lines": [], "excluded_lines": []}}}, "src/maze/type_system/__init__.py": {"executed_lines": [], "summary": {"covered_lines": 0, "num_statements": 0, "percent_covered": 100.0, "percent_covered_display": "100", "missing_lines": 0, "excluded_lines": 0}, "missing_lines": [], "excluded_lines": [], "functions": {"": {"executed_lines": [], "summary": {"covered_lines": 0, "num_statements": 0, "percent_covered": 100.0, "percent_covered_display": "100", "missing_lines": 0, "excluded_lines": 0}, "missing_lines": [], "excluded_lines": []}}, "classes": {"": {"executed_lines": [], "summary": {"covered_lines": 0, "num_statements": 0, "percent_covered": 100.0, "percent_covered_display": "100", "missing_lines": 0, "excluded_lines": 0}, "missing_lines": [], "excluded_lines": []}}}, "src/maze/type_system/languages/__init__.py": {"executed_lines": [], "summary": {"covered_lines": 0, "num_statements": 0, "percent_covered": 100.0, "percent_covered_display": "100", "missing_lines": 0, "excluded_lines": 0}, "missing_lines": [], "excluded_lines": [], "functions": {"": {"executed_lines": [], "summary": {"covered_lines": 0, "num_statements": 0, "percent_covered": 100.0, "percent_covered_display": "100", "missing_lines": 0, "excluded_lines": 0}, "missing_lines": [], "excluded_lines": []}}, "classes": {"": {"executed_lines": [], "summary": {"covered_lines": 0, "num_statements": 0, "percent_covered": 100.0, "percent_covered_display": "100", "missing_lines": 0, "excluded_lines": 0}, "missing_lines": [], "excluded_lines": []}}}, "src/maze/utils/__init__.py": {"executed_lines": [], "summary": {"covered_lines": 0, "num_statements": 0, "percent_covered": 100.0, "percent_covered_display": "100", "missing_lines": 0, "excluded_lines": 0}, "missing_lines": [], "excluded_lines": [], "functions": {"": {"executed_lines": [], "summary": {"covered_lines": 0, "num_statements": 0, "percent_covered": 100.0, "percent_covered_display": "100", "missing_lines": 0, "excluded_lines": 0}, "missing_lines": [], "excluded_lines": []}}, "classes": {"": {"executed_lines": [], "summary": {"covered_lines": 0, "num_statements": 0, "percent_covered": 100.0, "percent_covered_display": "100", "missing_lines": 0, "excluded_lines": 0}, "missing_lines": [], "excluded_lines": []}}}, "src/maze/validation/__init__.py": {"executed_lines": [], "summary": {"covered_lines": 0, "num_statements": 0, "percent_covered": 100.0, "percent_covered_display": "100", "missing_lines": 0, "excluded_lines": 0}, "missing_lines": [], "excluded_lines": [], "functions": {"": {"executed_lines": [], "summary": {"covered_lines": 0, "num_statements": 0, "percent_covered": 100.0, "percent_covered_display": "100", "missing_lines": 0, "excluded_lines": 0}, "missing_lines": [], "excluded_lines": []}}, "classes": {"": {"executed_lines": [], "summary": {"covered_lines": 0, "num_statements": 0, "percent_covered": 100.0, "percent_covered_display": "100", "missing_lines": 0, "excluded_lines": 0}, "missing_lines": [], "excluded_lines": []}}}}, "totals": {"covered_lines": 732, "num_statements": 1195, "percent_covered": 61.25523012552301, "percent_covered_display": "61", "missing_lines": 463, "excluded_lines": 0}}